<?xml version="1.0" encoding="UTF-8"?>
<Site BuildName="Linux-c++"
	BuildStamp="20250526-1552-Experimental"
	Name="xuming-0629"
	Generator="ctest-3.28.3"
	CompilerName="/usr/bin/c++"
	CompilerVersion="13.3.0"
	OSName="Linux"
	Hostname="xuming-0629"
	OSRelease="6.11.0-26-generic"
	OSVersion="#26~24.04.1-Ubuntu SMP PREEMPT_DYNAMIC Thu Apr 17 19:20:47 UTC 2"
	OSPlatform="x86_64"
	Is64Bits="1"
	VendorString="GenuineIntel"
	VendorID="Intel Corporation"
	FamilyID="6"
	ModelID="142"
	ProcessorCacheSize="8192"
	NumberOfLogicalCPU="8"
	NumberOfPhysicalCPU="4"
	TotalVirtualMemory="19531"
	TotalPhysicalMemory="7836"
	LogicalProcessorsPerPhysical="2"
	ProcessorClockFrequency="2299.99"
	>
	<Testing>
		<StartDateTime>May 26 23:57 CST</StartDateTime>
		<StartTestTime>1748275050</StartTestTime>
		<TestList/>
		<EndDateTime>May 26 23:57 CST</EndDateTime>
		<EndTestTime>1748275050</EndTestTime>
		<ElapsedMinutes>0</ElapsedMinutes>
	</Testing>
</Site>
